<!DOCTYPE html>
<html>
<head>
    <title>Unittest Results</title>
    <meta charset="utf-8">
    <meta name="viewport" content="width=device-width, initial-scale=1.0">
    <link rel="stylesheet" href="https://maxcdn.bootstrapcdn.com/bootstrap/3.3.6/css/bootstrap.min.css" integrity="sha384-1q8mTJOASx8j1Au+a5WDVnPi2lkFfwwEAa8hDDdjZlpLegxhjVME1fgjWPGmkzs7" crossorigin="anonymous">
</head>
<body>
    <div class="container">
        <div class="row">
            <div class="col-xs-12">
                <h2 class="text-capitalize">Unittest Results</h2>
                <p class='attribute'><strong>Start Time: </strong>2023-09-11 08:11:27</p>
                <p class='attribute'><strong>Duration: </strong>21.62 s</p>
                <p class='attribute'><strong>Summary: </strong>Total: 2, Pass: 0, Error: 2</p>
            </div>
        </div>
        <div class="row">
            <div class="col-xs-12 col-sm-10 col-md-10">
                <table class='table table-hover table-responsive'>
                    <thead>
                        <tr>
                            <th>TestFunction.AssetList.assetList.AssetList</th>
                            <th>Status</th>
                            <th></th>
                        </tr>
                    </thead>
                    <tbody>
                        <tr class='warning'>
                            <td class="col-xs-10">test_list</td>
                            <td class="col-xs-1">
                                <span class="label label-warning" style="display:block;width:40px;">Error</span>
                            </td>
                            <td class="col-xs-1">
                                <button class="btn btn-default btn-xs">View</button>
                            </td>
                        </tr>
                        <tr style="display:none;">
                            <td class="col-xs-9" colspan="3"><p style="color:maroon;">TimeoutException: Message: 
Stacktrace:
	GetHandleVerifier [0x00007FF7FE1852A2+57122]
	(No symbol) [0x00007FF7FE0FEA92]
	(No symbol) [0x00007FF7FDFCE3AB]
	(No symbol) [0x00007FF7FE007D3E]
	(No symbol) [0x00007FF7FE007E2C]
	(No symbol) [0x00007FF7FE040B67]
	(No symbol) [0x00007FF7FE02701F]
	(No symbol) [0x00007FF7FE03EB82]
	(No symbol) [0x00007FF7FE026DB3]
	(No symbol) [0x00007FF7FDFFD2B1]
	(No symbol) [0x00007FF7FDFFE494]
	GetHandleVerifier [0x00007FF7FE42EF82+2849794]
	GetHandleVerifier [0x00007FF7FE481D24+3189156]
	GetHandleVerifier [0x00007FF7FE47ACAF+3160367]
	GetHandleVerifier [0x00007FF7FE216D06+653702]
	(No symbol) [0x00007FF7FE10A208]
	(No symbol) [0x00007FF7FE1062C4]
	(No symbol) [0x00007FF7FE1063F6]
	(No symbol) [0x00007FF7FE0F67A3]
	BaseThreadInitThunk [0x00007FFCF58A54E0+16]
	RtlUserThreadStart [0x00007FFCF5EC485B+43]
</p><p style="color:maroon;">Traceback (most recent call last):
  File "C:\Code\FIndXTest\TestAsset\TestFunction\AssetList\assetList.py", line 33, in test_list
    WebDriverWait(self.driver, 2).until(
  File "C:\Users\hoang\AppData\Local\Programs\Python\Python311\Lib\site-packages\selenium\webdriver\support\wait.py", line 95, in until
    raise TimeoutException(message, screen, stacktrace)
selenium.common.exceptions.TimeoutException: Message: 
Stacktrace:
	GetHandleVerifier [0x00007FF7FE1852A2+57122]
	(No symbol) [0x00007FF7FE0FEA92]
	(No symbol) [0x00007FF7FDFCE3AB]
	(No symbol) [0x00007FF7FE007D3E]
	(No symbol) [0x00007FF7FE007E2C]
	(No symbol) [0x00007FF7FE040B67]
	(No symbol) [0x00007FF7FE02701F]
	(No symbol) [0x00007FF7FE03EB82]
	(No symbol) [0x00007FF7FE026DB3]
	(No symbol) [0x00007FF7FDFFD2B1]
	(No symbol) [0x00007FF7FDFFE494]
	GetHandleVerifier [0x00007FF7FE42EF82+2849794]
	GetHandleVerifier [0x00007FF7FE481D24+3189156]
	GetHandleVerifier [0x00007FF7FE47ACAF+3160367]
	GetHandleVerifier [0x00007FF7FE216D06+653702]
	(No symbol) [0x00007FF7FE10A208]
	(No symbol) [0x00007FF7FE1062C4]
	(No symbol) [0x00007FF7FE1063F6]
	(No symbol) [0x00007FF7FE0F67A3]
	BaseThreadInitThunk [0x00007FFCF58A54E0+16]
	RtlUserThreadStart [0x00007FFCF5EC485B+43]

</p>
                            </td>
                        </tr>
                        <tr class='warning'>
                            <td class="col-xs-10">test_list2</td>
                            <td class="col-xs-1">
                                <span class="label label-warning" style="display:block;width:40px;">Error</span>
                            </td>
                            <td class="col-xs-1">
                                <button class="btn btn-default btn-xs">View</button>
                            </td>
                        </tr>
                        <tr style="display:none;">
                            <td class="col-xs-9" colspan="3"><p style="color:maroon;">TimeoutException: Message: 
Stacktrace:
	GetHandleVerifier [0x00007FF7FE1852A2+57122]
	(No symbol) [0x00007FF7FE0FEA92]
	(No symbol) [0x00007FF7FDFCE3AB]
	(No symbol) [0x00007FF7FE007D3E]
	(No symbol) [0x00007FF7FE007E2C]
	(No symbol) [0x00007FF7FE040B67]
	(No symbol) [0x00007FF7FE02701F]
	(No symbol) [0x00007FF7FE03EB82]
	(No symbol) [0x00007FF7FE026DB3]
	(No symbol) [0x00007FF7FDFFD2B1]
	(No symbol) [0x00007FF7FDFFE494]
	GetHandleVerifier [0x00007FF7FE42EF82+2849794]
	GetHandleVerifier [0x00007FF7FE481D24+3189156]
	GetHandleVerifier [0x00007FF7FE47ACAF+3160367]
	GetHandleVerifier [0x00007FF7FE216D06+653702]
	(No symbol) [0x00007FF7FE10A208]
	(No symbol) [0x00007FF7FE1062C4]
	(No symbol) [0x00007FF7FE1063F6]
	(No symbol) [0x00007FF7FE0F67A3]
	BaseThreadInitThunk [0x00007FFCF58A54E0+16]
	RtlUserThreadStart [0x00007FFCF5EC485B+43]
</p><p style="color:maroon;">Traceback (most recent call last):
  File "C:\Code\FIndXTest\TestAsset\TestFunction\AssetList\assetList.py", line 71, in test_list2
    WebDriverWait(self.driver, 2).until(
  File "C:\Users\hoang\AppData\Local\Programs\Python\Python311\Lib\site-packages\selenium\webdriver\support\wait.py", line 95, in until
    raise TimeoutException(message, screen, stacktrace)
selenium.common.exceptions.TimeoutException: Message: 
Stacktrace:
	GetHandleVerifier [0x00007FF7FE1852A2+57122]
	(No symbol) [0x00007FF7FE0FEA92]
	(No symbol) [0x00007FF7FDFCE3AB]
	(No symbol) [0x00007FF7FE007D3E]
	(No symbol) [0x00007FF7FE007E2C]
	(No symbol) [0x00007FF7FE040B67]
	(No symbol) [0x00007FF7FE02701F]
	(No symbol) [0x00007FF7FE03EB82]
	(No symbol) [0x00007FF7FE026DB3]
	(No symbol) [0x00007FF7FDFFD2B1]
	(No symbol) [0x00007FF7FDFFE494]
	GetHandleVerifier [0x00007FF7FE42EF82+2849794]
	GetHandleVerifier [0x00007FF7FE481D24+3189156]
	GetHandleVerifier [0x00007FF7FE47ACAF+3160367]
	GetHandleVerifier [0x00007FF7FE216D06+653702]
	(No symbol) [0x00007FF7FE10A208]
	(No symbol) [0x00007FF7FE1062C4]
	(No symbol) [0x00007FF7FE1063F6]
	(No symbol) [0x00007FF7FE0F67A3]
	BaseThreadInitThunk [0x00007FFCF58A54E0+16]
	RtlUserThreadStart [0x00007FFCF5EC485B+43]

</p>
                            </td>
                        </tr>
                        <tr>
                            <td colspan="3">
                                Total: 2, Pass: 0, Error: 2 -- Duration: 21.62 s
                            </td>
                        </tr>
                    </tbody>
                </table>
            </div>
        </div>
    </div>
    <script src="https://ajax.googleapis.com/ajax/libs/jquery/2.2.4/jquery.min.js"></script>
    <script type="text/javascript">
        $(document).ready(function(){
            $('td').on('click', '.btn', function(e){
                e.preventDefault();
                e.stopImmediatePropagation();
                var $this = $(this);
                var $nextRow = $this.closest('tr').next('tr');
                $nextRow.slideToggle("fast");
                $this.text(function(i, text){
                    if (text === 'View') {
                        return 'Hide';
                    } else {
                        return 'View';
                    };
                });
            });
        });
    </script>
</body>
</html